<?xml version="1.0" encoding="UTF-8"?>
<testng-results ignored="0" total="1" passed="1" failed="0" skipped="0">
  <reporter-output>
  </reporter-output>
  <suite started-at="2025-09-17T00:58:45 PKT" name="Default suite" finished-at="2025-09-17T00:58:48 PKT" duration-ms="3206">
    <groups>
    </groups>
    <test started-at="2025-09-17T00:58:45 PKT" name="Default test" finished-at="2025-09-17T00:58:48 PKT" duration-ms="3206">
      <class name="com.api.tests.LoginAPITest">
        <test-method signature="loginTest()[pri:0, instance:com.api.tests.LoginAPITest@4efbca5a]" started-at="2025-09-17T00:58:45 PKT" name="loginTest" description="Verify if login api is working" finished-at="2025-09-17T00:58:48 PKT" duration-ms="3121" status="PASS">
          <reporter-output>
          </reporter-output>
        </test-method> <!-- loginTest -->
      </class> <!-- com.api.tests.LoginAPITest -->
    </test> <!-- Default test -->
  </suite> <!-- Default suite -->
</testng-results>
